TOOL:	xrun	19.09-s003: Started on Oct 31, 2020 at 23:45:09 CET
xrun
	-f dut.f
		mtm_Alu.vp
	-f tb.f
		mtm_Alu_tb.sv
	-v93
	+nowarnDSEM2009
	+nowarnDSEMEL
	+nowarnCGDEFN
	-xmlibdirname INCA_libs
	+overwrite
	-nocopyright
	-coverage all
	-covoverwrite
	-covfile xrun_covfile.txt
	-covtest lab01
	-l xrun_test_lab01.log
INCLUDE $PDK_DIR/cds/cds.lib
|
xrun: *W,DLCVAR (/home/student/mwygrzywalski/cds.lib,1): cds.lib Invalid environment variable ''.
INCLUDE $PDK_DIR/cds/cds.lib
|
xrun: *W,DLCVAR (/home/student/mwygrzywalski/cds.lib,1): cds.lib Invalid environment variable ''.
INCLUDE $PDK_DIR/cds/cds.lib
|
xrun: *W,DLCVAR (/home/student/mwygrzywalski/cds.lib,1): cds.lib Invalid environment variable ''.
INCLUDE $PDK_DIR/cds/cds.lib
|
xrun: *W,DLCVAR (/home/student/mwygrzywalski/cds.lib,1): cds.lib Invalid environment variable ''.
INCLUDE $PDK_DIR/cds/cds.lib
|
xrun: *W,DLCVAR (/home/student/mwygrzywalski/cds.lib,1): cds.lib Invalid environment variable ''.
INCLUDE $PDK_DIR/cds/cds.lib
|
xrun: *W,DLCVAR (/home/student/mwygrzywalski/cds.lib,1): cds.lib Invalid environment variable ''.
INCLUDE $PDK_DIR/cds/cds.lib
|
xrun: *W,DLCVAR (/home/student/mwygrzywalski/cds.lib,1): cds.lib Invalid environment variable ''.
INCLUDE $PDK_DIR/cds/cds.lib
|
xmsim: *W,DLCVAR (/home/student/mwygrzywalski/cds.lib,1): cds.lib Invalid environment variable ''.
Loading snapshot worklib.mtm_Alu_tb:sv .................... Done
xcelium> source /cad/XCELIUM1909/tools/xcelium/files/xmsimrc
xcelium> run
PASSED: B: c0895e81  A: b1f05663 op: OR C: f1f95ee3
PASSED: B: b2c28465  A: f3e301 op: OR C: b2f3e765
PASSED: B: 1e8dcd3d  A: 462df78c op: OR C: 5eadffbd
PASSED: B: e2f784c5  A: 72aff7e5 op: SUB C: 70478ce0
PASSED: B: 47ecdb8f  A: e77696ce op: AND C: 4764928e
PASSED: B: 2e58495c  A: 96ab582d op: OR C: befb597d
PASSED: B: 573870a  A: 0 op: AND C: 0
PASSED: B: cecccc9d  A: 8983b813 op: OR C: cfcffc9f
PASSED: B: 359fdd6b  A: 81174a02 op: ADD C: b6b7276d
PASSED: B: e7c572cf  A: 509650a op: ADD C: ecced7d9
PASSED: B: 7968bdf2  A: 20c4b341 op: AND C: 2040b140
PASSED: B: 0  A: 75c50deb op: ADD C: 75c50deb
PASSED: B: 571513ae  A: 150fdd2a op: SUB C: 42053684
PASSED: B: 42f24185  A: ffffffff op: SUB C: 42f24186
PASSED: B: bf23327e  A: 78d99bf1 op: OR C: fffbbbff
PASSED: B: 2635fb4c  A: ffffffff op: SUB C: 2635fb4d
PASSED: B: 0  A: ffffffff op: SUB C: 1
PASSED: B: adcbc05b  A: a4ae3249 op: AND C: a48a0049
PASSED: B: ffffffff  A: 4b212f96 op: AND C: 4b212f96
PASSED: B: 6457edc8  A: ffffffff op: OR C: ffffffff
PASSED: B: bf05007e  A: 1cd9e739 op: SUB C: a22b1945
PASSED: B: 42d92f85  A: 0 op: SUB C: 42d92f85
PASSED: B: 9ff2ae3f  A: 2c156358 op: ADD C: cc081197
PASSED: B: ce2ff29c  A: 937dbc26 op: SUB C: 3ab23676
PASSED: B: 9799a82f  A: afd8565f op: AND C: 8798000f
PASSED: B: ffffffff  A: f3091ae6 op: ADD C: f3091ae5
PASSED: B: f682e2ed  A: b29fb665 op: OR C: f69ff6ed
PASSED: B: ffffffff  A: 2231ff44 op: AND C: 2231ff44
PASSED: B: 55f6adab  A: 6e5daddc op: ADD C: c4545b87
PASSED: B: e1f102c3  A: 2779e94e op: SUB C: ba771975
PASSED: B: 5b6fb9b6  A: 0 op: OR C: 5b6fb9b6
PASSED: B: 0  A: 49c65d93 op: AND C: 0
PASSED: B: 6dcb69db  A: 6cb0b7d9 op: OR C: 6dfbffdb
PASSED: B: 653b49ca  A: 4a937195 op: ADD C: afcebb5f
PASSED: B: 7bd261f7  A: da6ebab4 op: AND C: 5a4220b4
PASSED: B: 0  A: e3c530c7 op: ADD C: e3c530c7
PASSED: B: 0  A: fea7a6fd op: OR C: fea7a6fd
PASSED: B: 43356786  A: 9eb7c63d op: ADD C: e1ed2dc3
PASSED: B: 0  A: 5d7199ba op: ADD C: 5d7199ba
PASSED: B: 6a8e05d5  A: dcf000b9 op: SUB C: 8d9e051c
PASSED: B: 603921c0  A: db461ab6 op: OR C: fb7f3bf6
PASSED: B: 43615786  A: 0 op: ADD C: 43615786
PASSED: B: e7c3b6cf  A: fd28e4fa op: OR C: ffebf6ff
PASSED: B: ffffffff  A: 43779186 op: AND C: 43779186
PASSED: B: 9ab48835  A: 60b175c1 op: OR C: fab5fdf5
PASSED: B: 0  A: b98c4273 op: AND C: 0
PASSED: B: 2758d14e  A: 0 op: OR C: 2758d14e
PASSED: B: 70bb90e  A: cfd6c09f op: ADD C: d6e279ad
PASSED: B: c6b5f48d  A: 9c6de638 op: OR C: defdf6bd
PASSED: B: 0  A: 9ff4113 op: SUB C: f600beed
PASSED: B: ffffffff  A: 5d059dba op: AND C: 5d059dba
PASSED: B: 492fd392  A: 3fbb3b7f op: ADD C: 88eb0f11
PASSED: B: f92794f2  A: dece5ebd op: AND C: d80614b0
PASSED: B: 6543cfca  A: d095a8a1 op: ADD C: 35d9786b
PASSED: B: 85e51e0b  A: ffffffff op: OR C: ffffffff
PASSED: B: bab14875  A: ffffffff op: SUB C: bab14876
PASSED: B: 0  A: 4df3819b op: ADD C: 4df3819b
PASSED: B: 0  A: 25b75f4b op: ADD C: 25b75f4b
PASSED: B: 6b3050d  A: c039d18 op: OR C: eb39d1d
PASSED: B: a0c02441  A: 6c44f9d8 op: SUB C: 347b2a69
PASSED: B: adac225b  A: 8273e204 op: SUB C: 2b384057
PASSED: B: 0  A: dc0344b8 op: OR C: dc0344b8
PASSED: B: d0c5dca1  A: 40905d81 op: AND C: 40805c81
PASSED: B: ffffffff  A: 8f8c6e1f op: AND C: 8f8c6e1f
PASSED: B: 0  A: a6e9314 op: ADD C: a6e9314
PASSED: B: d8ace2b1  A: f6c38eed op: SUB C: e1e953c4
PASSED: B: 56b403ad  A: ffffffff op: AND C: 56b403ad
PASSED: B: ffffffff  A: ffffffff op: OR C: ffffffff
PASSED: B: 6de5bbdb  A: 2883b151 op: OR C: 6de7bbdb
PASSED: B: 7d2a45fa  A: 41a10583 op: AND C: 41200582
PASSED: B: ff4f3cfe  A: 0 op: SUB C: ff4f3cfe
PASSED: B: 782321f0  A: 0 op: AND C: 0
PASSED: B: 0  A: e2bf1ac5 op: AND C: 0
PASSED: B: 1cde7139  A: 0 op: AND C: 0
PASSED: B: 3124d362  A: f0b14ee1 op: SUB C: 40738481
PASSED: B: 64b5e3c9  A: 1297cb25 op: OR C: 76b7ebed
PASSED: B: ad67e25a  A: ffffffff op: AND C: ad67e25a
PASSED: B: b8ade671  A: 5b60e5b6 op: SUB C: 5d4d00bb
PASSED: B: ae78585c  A: 902a3a20 op: AND C: 80281800
PASSED: B: da3d8cb4  A: 86dcf00d op: SUB C: 53609ca7
PASSED: B: cf63da9e  A: bde0d27b op: SUB C: 11830823
PASSED: B: 71c129e3  A: 58f93db1 op: AND C: 50c129a1
PASSED: B: f01d34e0  A: 297a1552 op: AND C: 20181440
PASSED: B: a95fc452  A: 236afd46 op: AND C: 214ac442
PASSED: B: 0  A: ffffffff op: ADD C: ffffffff
PASSED: B: d55bbcaa  A: b0520260 op: ADD C: 85adbf0a
PASSED: B: d31dfea6  A: 19058332 op: ADD C: ec2381d8
PASSED: B: 8a64b014  A: 25f2034b op: AND C: 600000
PASSED: B: ffffffff  A: 9caf7a39 op: AND C: 9caf7a39
PASSED: B: 0  A: 467c458c op: SUB C: b983ba74
PASSED: B: 895f911  A: 0 op: SUB C: 895f911
PASSED: B: 76295bec  A: 520eefa4 op: OR C: 762fffec
PASSED: B: ef8372df  A: 33836567 op: OR C: ff8377ff
PASSED: B: 0  A: 24d2bf49 op: OR C: 24d2bf49
PASSED: B: 0  A: 49b16f93 op: SUB C: b64e906d
PASSED: B: e471f8c8  A: 1d3f9d3a op: AND C: 4319808
PASSED: B: 1c8d7f39  A: a97f0052 op: OR C: bdff7f7b
PASSED: B: 0  A: 4bf52997 op: SUB C: b40ad669
PASSED: B: 5d85d3bb  A: 0 op: SUB C: 5d85d3bb
PASSED: B: 8653620c  A: 62fd49c5 op: SUB C: 23561847
PASSED: B: 0  A: b4f9a469 op: SUB C: 4b065b97
PASSED: B: ec3758d8  A: e20e9ac4 op: AND C: e00618c0
PASSED: B: ffffffff  A: 984d5a30 op: SUB C: 67b2a5cf
PASSED: B: 6a15f5d4  A: ffffffff op: ADD C: 6a15f5d3
PASSED: B: 45e28b8b  A: 6d808bdb op: AND C: 45808b8b
PASSED: B: e2ecdac5  A: 0 op: SUB C: e2ecdac5
PASSED: B: 57fbb9af  A: 7c41aff8 op: ADD C: d43d69a7
PASSED: B: ffffffff  A: cab47c95 op: ADD C: cab47c94
PASSED: B: 0  A: 9420ea28 op: AND C: 0
PASSED: B: f0eeaee1  A: ffffffff op: ADD C: f0eeaee0
PASSED: B: 6a9fb9d5  A: 0 op: AND C: 0
PASSED: B: 79fc30f  A: be9bbc7d op: ADD C: c63b7f8c
PASSED: B: 1e664d3c  A: 77ebb1ef op: SUB C: a67a9b4d
PASSED: B: ffffffff  A: 5cd20db9 op: SUB C: a32df246
PASSED: B: 32dc4165  A: db983ab7 op: OR C: fbdc7bf7
PASSED: B: b8ea3a71  A: f2356ae4 op: ADD C: ab1fa555
PASSED: B: 2cee5f59  A: 76de6bed op: OR C: 7efe7ffd
PASSED: B: 57c1d1af  A: e696e8cd op: AND C: 4680c08d
PASSED: B: d14820a2  A: b555de6a op: AND C: 91400022
PASSED: B: 0  A: 929d5825 op: AND C: 0
PASSED: B: ae23ce5c  A: 3cb3ab79 op: AND C: 2c238a58
PASSED: B: 870cee0e  A: 671030c op: ADD C: 8d7df11a
PASSED: B: acecdc59  A: d9b8c0b3 op: AND C: 88a8c011
PASSED: B: 66cf10c  A: 1729302 op: OR C: 77ef30e
PASSED: B: 271c434e  A: 5c7951b8 op: AND C: 4184108
PASSED: B: d7b48eaf  A: 0 op: AND C: 0
PASSED: B: a620904c  A: a005a640 op: OR C: a625b64c
PASSED: B: b87c1070  A: 94ded829 op: AND C: 905c1020
PASSED: B: 0  A: 0 op: AND C: 0
PASSED: B: 26bf3f4d  A: 7a87aff5 op: OR C: 7ebfbffd
PASSED: B: b558a66a  A: dc4308b8 op: ADD C: 919baf22
PASSED: B: 23400b46  A: ffffffff op: SUB C: 23400b47
PASSED: B: 5bd3dbb7  A: b1800a63 op: OR C: fbd3dbf7
PASSED: B: b4497668  A: c838f490 op: ADD C: 7c826af8
PASSED: B: 5c9967b9  A: 6826d9d0 op: SUB C: f4728de9
PASSED: B: 0  A: 46d6a78d op: SUB C: b9295873
PASSED: B: 6e1e1fdc  A: c978d19 op: OR C: 6e9f9fdd
PASSED: B: f98bc0f3  A: 0 op: AND C: 0
PASSED: B: 33a4506  A: c161918 op: OR C: f3e5d1e
PASSED: B: d12031a  A: 5934e9b2 op: AND C: 9100112
PASSED: B: 61dafdc3  A: 7c2db9f8 op: ADD C: de08b7bb
PASSED: B: 378c736f  A: d6a128ad op: AND C: 1680202d
PASSED: B: 67e857cf  A: 8d94d21b op: AND C: 580520b
PASSED: B: 412dfd82  A: 2ba7a557 op: ADD C: 6cd5a2d9
PASSED: B: bce32879  A: 8b42ec16 op: ADD C: 4826148f
PASSED: B: 0  A: 4665378c op: OR C: 4665378c
PASSED: B: 5e5421bc  A: bec5717 op: OR C: 5ffc77bf
PASSED: B: 5a9d3bb5  A: c7b2e28f op: SUB C: 92ea5926
PASSED: B: 0  A: eb1d02d6 op: ADD C: eb1d02d6
PASSED: B: 38e6a771  A: ffffffff op: ADD C: 38e6a770
PASSED: B: 66861dcd  A: e3aeb1c op: AND C: 602090c
PASSED: B: 9541d62a  A: 1b920537 op: SUB C: 79afd0f3
PASSED: B: feaddcfd  A: f43a34e8 op: AND C: f42814e8
PASSED: B: 0  A: 9164d12 op: AND C: 0
PASSED: B: ff202efe  A: 799f09f3 op: SUB C: 8581250b
PASSED: B: bcbbf17  A: ffffffff op: AND C: bcbbf17
PASSED: B: d3666ea6  A: e5ac10cb op: SUB C: edba5ddb
PASSED: B: fa4832f4  A: f0ea70e1 op: OR C: faea72f5
PASSED: B: e4df16c9  A: 0 op: ADD C: e4df16c9
PASSED: B: 1b855f37  A: 0 op: SUB C: 1b855f37
PASSED: B: 6e6d23dc  A: 0 op: AND C: 0
PASSED: B: 0  A: 7c6e91f8 op: OR C: 7c6e91f8
PASSED: B: 4c588f98  A: ffffffff op: SUB C: 4c588f99
PASSED: B: 1699d12d  A: 0 op: SUB C: 1699d12d
PASSED: B: 892fc012  A: 6db6b0d op: OR C: 8fffeb1f
PASSED: B: 0  A: 2a1ba354 op: AND C: 0
PASSED: B: e1e386c3  A: ee4ee6dc op: AND C: e04286c0
PASSED: B: ffffffff  A: ffffffff op: SUB C: 0
PASSED: B: 1c421738  A: 64f2bdc9 op: SUB C: b74f596f
PASSED: B: 6754d7ce  A: ffffffff op: AND C: 6754d7ce
PASSED: B: 84651408  A: 5ad31db5 op: ADD C: df3831bd
PASSED: B: 0  A: ac05a058 op: AND C: 0
PASSED: B: 5243e3a4  A: 753c17ea op: ADD C: c77ffb8e
PASSED: B: adf3405b  A: 0 op: AND C: 0
PASSED: B: ffffffff  A: 0 op: OR C: ffffffff
PASSED: B: 41aed583  A: 1aa0dd35 op: AND C: a0d501
PASSED: B: 278dbb4f  A: 0 op: AND C: 0
PASSED: B: a36ae846  A: ac974859 op: OR C: afffe85f
PASSED: B: ffffffff  A: ef1deade op: SUB C: 10e21521
PASSED: B: 0  A: 2c577958 op: OR C: 2c577958
PASSED: B: 6a2c13d4  A: 3f25ef7e op: ADD C: a9520352
PASSED: B: ffffffff  A: 506aefa0 op: ADD C: 506aef9f
PASSED: B: ffffffff  A: bbbc3e77 op: OR C: ffffffff
PASSED: B: fc670af8  A: 3601596c op: AND C: 34010868
PASSED: B: ce10fe9c  A: d7e31eaf op: ADD C: a5f41d4b
PASSED: B: d95b40b2  A: c2e87485 op: ADD C: 9c43b537
PASSED: B: 0  A: 4d20099a op: SUB C: b2dff666
PASSED: B: fdeb7cfb  A: 61114dc2 op: AND C: 61014cc2
PASSED: B: 4f49019e  A: bde3487b op: SUB C: 9165b923
PASSED: B: e06098c0  A: bf53b47e op: AND C: a0409040
PASSED: B: a4de2849  A: ffffffff op: AND C: a4de2849
PASSED: B: adee005b  A: 4afebf95 op: SUB C: 62ef40c6
PASSED: B: 732c5fe6  A: ffffffff op: AND C: 732c5fe6
PASSED: B: 7e29b3fc  A: e203f0c4 op: SUB C: 9c25c338
PASSED: B: 398a1973  A: d066e4a0 op: ADD C: 9f0fe13
PASSED: B: 5d86b7bb  A: f16948e2 op: SUB C: 6c1d6ed9
PASSED: B: 0  A: ffffffff op: AND C: 0
PASSED: B: 5ee97bbd  A: 5a0a0fb4 op: AND C: 5a080bb4
PASSED: B: 89b5d413  A: 1ae40335 op: SUB C: 6ed1d0de
PASSED: B: 17a98d2f  A: aae0a255 op: AND C: 2a08005
PASSED: B: d3fe36a7  A: f23316e4 op: OR C: f3ff36e7
PASSED: B: fd52d8fa  A: 7fcff3ff op: OR C: ffdffbff
PASSED: B: 0  A: 89042e12 op: SUB C: 76fbd1ee
PASSED: B: fc4ca4f8  A: 0 op: ADD C: fc4ca4f8
PASSED: B: 763355ec  A: 3d7f5b7a op: ADD C: b3b2b166
PASSED: B: f5a4f2eb  A: b704e26e op: ADD C: aca9d559
PASSED: B: 22c03145  A: 94bd312 op: SUB C: 19745e33
PASSED: B: f0ab00e1  A: a5365c4a op: OR C: f5bf5ceb
PASSED: B: f204eee4  A: 766153ec op: ADD C: 686642d0
PASSED: B: f62484ec  A: 1687472d op: AND C: 1604042c
PASSED: B: f612c8ec  A: ffffffff op: SUB C: f612c8ed
PASSED: B: 0  A: 13d1f727 op: SUB C: ec2e08d9
PASSED: B: 6499b0c  A: f361cae6 op: OR C: f769dbee
PASSED: B: 8570f60a  A: 0 op: ADD C: 8570f60a
PASSED: B: 1725712e  A: 33638966 op: ADD C: 4a88fa94
PASSED: B: c7b43a8f  A: 3da8cd7b op: AND C: 5a0080b
PASSED: B: ffffffff  A: e4d820c9 op: AND C: e4d820c9
PASSED: B: d6aea8ad  A: ffffffff op: OR C: ffffffff
PASSED: B: 0  A: a8c6c451 op: AND C: 0
PASSED: B: 0  A: 379ed06 op: ADD C: 379ed06
PASSED: B: ffffffff  A: 42797584 op: AND C: 42797584
PASSED: B: 8098510  A: d659d0ac op: OR C: de59d5bc
PASSED: B: ffffffff  A: 86c8320d op: OR C: ffffffff
PASSED: B: 4d77f99a  A: ffffffff op: ADD C: 4d77f999
PASSED: B: ffffffff  A: 2ed66b5d op: AND C: 2ed66b5d
PASSED: B: ffffffff  A: cdbf3a9b op: ADD C: cdbf3a9a
PASSED: B: 1747832e  A: 632f07c6 op: ADD C: 7a768af4
PASSED: B: 0  A: ffffffff op: AND C: 0
PASSED: B: 0  A: 68cd09d1 op: SUB C: 9732f62f
PASSED: B: ffffffff  A: 2c402158 op: SUB C: d3bfdea7
PASSED: B: ffffffff  A: 94a12e29 op: AND C: 94a12e29
PASSED: B: ffffffff  A: 26c7134d op: SUB C: d938ecb2
PASSED: B: ffffffff  A: 5cdc65b9 op: AND C: 5cdc65b9
PASSED: B: 40fb4f81  A: 47ebef8f op: ADD C: 88e73f10
PASSED: B: 878a880f  A: 348ed569 op: ADD C: bc195d78
PASSED: B: 2e72295c  A: 69cd77d3 op: ADD C: 983fa12f
PASSED: B: 0  A: 0 op: OR C: 0
PASSED: B: 8496d609  A: 962c682c op: SUB C: ee6a6ddd
PASSED: B: 5d5100  A: f4588ee8 op: AND C: 580000
PASSED: B: 0  A: 68c14fd1 op: AND C: 0
PASSED: B: 6c1987d8  A: 0 op: AND C: 0
PASSED: B: a8bb0c51  A: a2a4be45 op: SUB C: 6164e0c
PASSED: B: c049c680  A: 2426d748 op: OR C: e46fd7c8
PASSED: B: 53a8b5a7  A: 9fc1423f op: AND C: 13800027
PASSED: B: 3f52937e  A: 472dfb8e op: ADD C: 86808f0c
PASSED: B: 0  A: 8569fa0a op: SUB C: 7a9605f6
PASSED: B: a4d98649  A: b64ae66c op: AND C: a4488648
PASSED: B: 97dde22f  A: 13b75327 op: AND C: 13954227
PASSED: B: c961e492  A: 23301b46 op: SUB C: a631c94c
PASSED: B: 7bde15f7  A: 39092f72 op: ADD C: b4e74569
PASSED: B: c9490292  A: 34097568 op: OR C: fd4977fa
PASSED: B: aad1c855  A: 2f49535e op: OR C: afd9db5f
PASSED: B: 4410d08  A: 9f80983f op: AND C: 4000808
PASSED: B: 99183032  A: 2f73fb5e op: AND C: 9103012
PASSED: B: 8511580a  A: 64eb39c9 op: OR C: e5fb79cb
PASSED: B: 729a7fe5  A: 11c6c523 op: OR C: 73deffe7
PASSED: B: 2f36c55e  A: 73a730e op: AND C: 732410e
PASSED: B: 2416b948  A: 4dfe879b op: OR C: 6dfebfdb
PASSED: B: 55ff23ab  A: 5e9d2fbd op: OR C: 5fff2fbf
PASSED: B: f059ace0  A: ffffffff op: OR C: ffffffff
PASSED: B: 13180326  A: 84a8e809 op: AND C: 80000
PASSED: B: 5858bdb0  A: ffffffff op: OR C: ffffffff
PASSED: B: ffffffff  A: 2798e34f op: AND C: 2798e34f
PASSED: B: 43c11587  A: 336d9366 op: ADD C: 772ea8ed
PASSED: B: ffffffff  A: 2a565f54 op: AND C: 2a565f54
PASSED: B: 286f1350  A: c34ddc86 op: ADD C: ebbcefd6
PASSED: B: 0  A: ffffffff op: AND C: 0
PASSED: B: ffffffff  A: d47b42a8 op: OR C: ffffffff
PASSED: B: dc22dcb8  A: eb40e6d6 op: OR C: ff62fefe
PASSED: B: e7b374cf  A: 2047dd40 op: ADD C: 7fb520f
PASSED: B: ad27c45a  A: 12ce1125 op: SUB C: 9a59b335
PASSED: B: bc944679  A: ffffffff op: AND C: bc944679
PASSED: B: 42955d85  A: b9d96873 op: AND C: 914801
PASSED: B: 9a544234  A: 28b1f151 op: SUB C: 71a250e3
PASSED: B: 5ec5ebbd  A: 2764754e op: SUB C: 3761766f
PASSED: B: f670fcec  A: ce96ca9d op: AND C: c610c88c
PASSED: B: b24cf664  A: 48e9ff91 op: AND C: 48f600
PASSED: B: 89de2c13  A: e62911c op: AND C: 8420010
PASSED: B: 2e97795d  A: 66065bcc op: SUB C: c8911d91
PASSED: B: 0  A: 2e94b75d op: ADD C: 2e94b75d
PASSED: B: 65a879cb  A: da42e4b4 op: AND C: 40006080
PASSED: B: bca0b279  A: c9662c92 op: OR C: fde6befb
PASSED: B: cf31fc9e  A: 600b2dc0 op: SUB C: 6f26cede
PASSED: B: 408a2981  A: 598d27b3 op: SUB C: e6fd01ce
PASSED: B: 0  A: 7e72c5fc op: SUB C: 818d3a04
PASSED: B: 0  A: 3aaf8775 op: OR C: 3aaf8775
PASSED: B: 13913127  A: 7e7f21fc op: SUB C: 95120f2b
PASSED: B: ffffffff  A: b428aa68 op: ADD C: b428aa67
PASSED: B: c962119  A: 29951b53 op: SUB C: e30105c6
PASSED: B: 58d79db1  A: 90b93021 op: ADD C: e990cdd2
PASSED: B: 0  A: b7d0ca6f op: ADD C: b7d0ca6f
PASSED: B: fbaaeef7  A: 9e9dca3d op: AND C: 9a88ca35
PASSED: B: 7a4c4df4  A: 67d700 op: AND C: 444500
PASSED: B: 0  A: 7f0b90f op: ADD C: 7f0b90f
PASSED: B: ffffffff  A: 8322de06 op: ADD C: 8322de05
PASSED: B: 20dcbf41  A: 0 op: OR C: 20dcbf41
PASSED: B: 94232228  A: b600e26c op: OR C: b623e26c
PASSED: B: 37890d6f  A: e0c9acc1 op: SUB C: 56bf60ae
PASSED: B: 0  A: 7c99cff9 op: AND C: 0
PASSED: B: a46c4848  A: 680a6fd0 op: ADD C: c76b818
PASSED: B: ffffffff  A: 0 op: AND C: 0
PASSED: B: 67dd53cf  A: 797869f2 op: AND C: 615841c2
PASSED: B: 0  A: 0 op: ADD C: 0
PASSED: B: 0  A: e5a2b2cb op: SUB C: 1a5d4d35
PASSED: B: 0  A: 0 op: OR C: 0
PASSED: B: d0ebcca1  A: 12957f25 op: SUB C: be564d7c
PASSED: B: 9743be2e  A: b636716 op: AND C: 3432606
PASSED: B: ca91f895  A: 2bad905 op: SUB C: c7d71f90
PASSED: B: 0  A: 0 op: AND C: 0
PASSED: B: ffffffff  A: 9bcdf237 op: ADD C: 9bcdf236
PASSED: B: c37a7886  A: 9a56bc34 op: AND C: 82523804
PASSED: B: f92c9af2  A: c42db888 op: AND C: c02c9880
PASSED: B: c63ffa8c  A: c7ac408f op: OR C: c7bffa8f
PASSED: B: 8ae2ac15  A: 1b2dfd36 op: ADD C: a610a94b
PASSED: B: 9ee6363d  A: 9dbe003b op: ADD C: 3ca43678
PASSED: B: f27102e4  A: b9492472 op: ADD C: abba2756
PASSED: B: 5abc1db5  A: 566e01ac op: SUB C: 44e1c09
PASSED: B: df07b0be  A: ffffffff op: ADD C: df07b0bd
PASSED: B: 8079ac00  A: 94aa8429 op: ADD C: 15243029
PASSED: B: 3685f36d  A: 7eb00bfd op: SUB C: b7d5e770
PASSED: B: 675dc5ce  A: e50b48ca op: SUB C: 82527d04
PASSED: B: 16479b2c  A: 11357d22 op: SUB C: 5121e0a
PASSED: B: 1ee3173d  A: 0 op: OR C: 1ee3173d
PASSED: B: 544fbfa8  A: 41031982 op: OR C: 554fbfaa
PASSED: B: efebd4df  A: 8658500c op: AND C: 8648500c
PASSED: B: 40f9f181  A: ffffffff op: AND C: 40f9f181
PASSED: B: c4605888  A: defd9cbd op: AND C: c4601888
PASSED: B: ffffffff  A: becefe7d op: ADD C: becefe7c
PASSED: B: 88fa311  A: ffffffff op: SUB C: 88fa312
PASSED: B: bd823a7b  A: e2e87ec5 op: SUB C: da99bbb6
PASSED: B: e527e6ca  A: ffffffff op: OR C: ffffffff
PASSED: B: d651b1a  A: 694639d2 op: OR C: 6d673bda
PASSED: B: 9347f826  A: eb1528d6 op: ADD C: 7e5d20fc
PASSED: B: c9788892  A: ffffffff op: ADD C: c9788891
PASSED: B: 7f4ce1fe  A: d39764a7 op: AND C: 530460a6
PASSED: B: acce1c59  A: c68ec48d op: OR C: eecedcdd
PASSED: B: 679709cf  A: 6581f3cb op: SUB C: 2151604
PASSED: B: 0  A: 366d676c op: SUB C: c9929894
PASSED: B: 6847f1d0  A: ffffffff op: SUB C: 6847f1d1
PASSED: B: 0  A: 92de5425 op: ADD C: 92de5425
PASSED: B: 254a704  A: 0 op: SUB C: 254a704
PASSED: B: 8fac9e1f  A: 8a205c14 op: OR C: 8facde1f
PASSED: B: 671fa9ce  A: 5cea0bb9 op: AND C: 440a0988
PASSED: B: 8684180d  A: 2a6b8354 op: AND C: 2000004
PASSED: B: 3d09457a  A: ffffffff op: SUB C: 3d09457b
PASSED: B: ffffffff  A: 2f51675e op: ADD C: 2f51675d
PASSED: B: f2be5ae5  A: 2da34f5b op: AND C: 20a24a41
PASSED: B: 0  A: be777a7c op: OR C: be777a7c
PASSED: B: c9bdf19  A: ffffffff op: OR C: ffffffff
PASSED: B: ffffffff  A: bffa847f op: AND C: bffa847f
PASSED: B: c27cd18  A: ffffffff op: ADD C: c27cd17
PASSED: B: b3ff6c67  A: ec1446d8 op: SUB C: c7eb258f
PASSED: B: d5bc72ab  A: 833a6206 op: AND C: 81386202
PASSED: B: d897f4b1  A: ffffffff op: AND C: d897f4b1
PASSED: B: ffffffff  A: 9f3b963e op: SUB C: 60c469c1
PASSED: B: b14c4a62  A: cfad0e9f op: AND C: 810c0a02
PASSED: B: ffffffff  A: d01b58a0 op: OR C: ffffffff
PASSED: B: ffffffff  A: b8f83871 op: SUB C: 4707c78e
PASSED: B: c18d1c83  A: a631ec4c op: SUB C: 1b5b3037
PASSED: B: 0  A: 7c95c1f9 op: SUB C: 836a3e07
PASSED: B: 84732208  A: c6adf48d op: AND C: 84212008
PASSED: B: a5cad44b  A: 17b54f2f op: OR C: b7ffdf6f
PASSED: B: f1d1a6e3  A: ffffffff op: OR C: ffffffff
PASSED: B: 374e1d6e  A: ffffffff op: OR C: ffffffff
PASSED: B: e9c860d3  A: 0 op: SUB C: e9c860d3
PASSED: B: ba8bac75  A: 9524102a op: ADD C: 4fafbc9f
PASSED: B: 0  A: afcf915 op: SUB C: f50306eb
PASSED: B: f9a6aef3  A: 7679ffec op: AND C: 7020aee0
PASSED: B: 1cd73d39  A: 0 op: ADD C: 1cd73d39
PASSED: B: a72c0e4e  A: 0 op: SUB C: a72c0e4e
PASSED: B: 6c153fd8  A: e466e6c8 op: SUB C: 87ae5910
PASSED: B: 0  A: ffffffff op: ADD C: ffffffff
PASSED: B: eb78e0d6  A: d90912b2 op: AND C: c9080092
PASSED: B: 177e2d2e  A: ffffffff op: ADD C: 177e2d2d
PASSED: B: 80a3ec01  A: 680ddbd0 op: OR C: e8afffd1
PASSED: B: 81694602  A: d0a47ea1 op: AND C: 80204600
PASSED: B: 7254d3e4  A: a24f9a44 op: AND C: 22449244
PASSED: B: 1d5c3f3a  A: 77b723ef op: OR C: 7fff3fff
PASSED: B: 0  A: ffffffff op: SUB C: 1
PASSED: B: e7191ace  A: 164beb2c op: AND C: 6090a0c
PASSED: B: 1579952a  A: 2590394b op: ADD C: 3b09ce75
PASSED: B: 4958b09  A: ffffffff op: SUB C: 4958b0a
PASSED: B: ffffffff  A: 1f4b2b3e op: ADD C: 1f4b2b3d
PASSED: B: fa88e0f5  A: 62c963c5 op: AND C: 628860c5
PASSED: B: 16acd72d  A: 7cd2d0f op: SUB C: edfaa1e
PASSED: B: ddfc30bb  A: 0 op: SUB C: ddfc30bb
PASSED: B: ffffffff  A: 1608ab2c op: AND C: 1608ab2c
PASSED: B: 78db0ff1  A: a8a35e51 op: OR C: f8fb5ff1
PASSED: B: 4e76db9c  A: f9f646f3 op: AND C: 48764290
PASSED: B: 3fae597f  A: 0 op: SUB C: 3fae597f
PASSED: B: a4acde49  A: 570875ae op: OR C: f7acffef
PASSED: B: 76c657ed  A: ffffffff op: SUB C: 76c657ee
PASSED: B: ffffffff  A: ffffffff op: ADD C: fffffffe
PASSED: B: 47a9a38f  A: 2bf16357 op: SUB C: 1bb84038
PASSED: B: 0  A: e08096c1 op: OR C: e08096c1
PASSED: B: 4539398a  A: 4e86199d op: SUB C: f6b31fed
PASSED: B: 0  A: 5b8531b7 op: ADD C: 5b8531b7
PASSED: B: d143eaa2  A: ffffffff op: ADD C: d143eaa1
PASSED: B: ffffffff  A: 0 op: ADD C: ffffffff
PASSED: B: 18298730  A: cf51aa9e op: AND C: 8018210
PASSED: B: 45b23d8b  A: ffffffff op: ADD C: 45b23d8a
PASSED: B: d3196ea6  A: 47e50f8f op: SUB C: 8b345f17
PASSED: B: a9e0ee53  A: b0323e60 op: ADD C: 5a132cb3
PASSED: B: 818d0203  A: ffffffff op: AND C: 818d0203
PASSED: B: c33d2a86  A: ffffffff op: AND C: c33d2a86
PASSED: B: 64612dc8  A: ffffffff op: OR C: ffffffff
PASSED: B: 0  A: 44ae6589 op: AND C: 0
PASSED: B: 85826e0b  A: e62ab1c op: AND C: 4022a08
PASSED: B: eaacb0d5  A: 0 op: ADD C: eaacb0d5
PASSED: B: 767c07ec  A: 8f25161e op: AND C: 624060c
PASSED: B: ffffffff  A: f4e824e9 op: ADD C: f4e824e8
PASSED: B: 38bcbb71  A: b60c3a6c op: OR C: bebcbb7d
PASSED: B: 0  A: 0 op: ADD C: 0
PASSED: B: 0  A: d9d2fcb3 op: AND C: 0
PASSED: B: e93c4cd2  A: 2eafd95d op: SUB C: ba8c7375
PASSED: B: 69fcb5d3  A: ffffffff op: SUB C: 69fcb5d4
PASSED: B: ffffffff  A: 453ad08 op: SUB C: fbac52f7
PASSED: B: 6c776fd8  A: 7ba55ff7 op: SUB C: f0d20fe1
PASSED: B: 6815d9d0  A: ffffffff op: AND C: 6815d9d0
PASSED: B: 8dd5bc1b  A: 1a0ec734 op: ADD C: a7e4834f
PASSED: B: 0  A: 0 op: SUB C: 0
PASSED: B: ffffffff  A: 827d3404 op: AND C: 827d3404
PASSED: B: ffffffff  A: 8589c40b op: OR C: ffffffff
PASSED: B: 5471e7a8  A: bb213276 op: AND C: 10212220
PASSED: B: 0  A: 264c1f4c op: SUB C: d9b3e0b4
PASSED: B: 9fcf743f  A: 34eef369 op: AND C: 14ce7029
PASSED: B: b2cf5665  A: 60d1adc1 op: ADD C: 13a10426
PASSED: B: 4734718e  A: 3929c572 op: ADD C: 805e3700
PASSED: B: 60b59bc1  A: 34c37d69 op: ADD C: 9579192a
PASSED: B: 95d7182b  A: 105e5d20 op: AND C: 10561820
PASSED: B: c738fe8e  A: 41180b82 op: SUB C: 8620f30c
PASSED: B: 2ba6b157  A: 240f3d48 op: SUB C: 797740f
PASSED: B: f02c6ee0  A: 45240d8a op: SUB C: ab086156
PASSED: B: 3eee637d  A: 0 op: ADD C: 3eee637d
PASSED: B: b2de5c65  A: 2668df4c op: SUB C: 8c757d19
PASSED: B: 6d39fdda  A: 2044b940 op: SUB C: 4cf5449a
PASSED: B: 34b7b06  A: df35bebe op: OR C: df7fffbe
PASSED: B: 4a666194  A: 907b8220 op: SUB C: b9eadf74
PASSED: B: f83cb4f0  A: 0 op: ADD C: f83cb4f0
PASSED: B: 7f4d65fe  A: 2ff39b5f op: ADD C: af41015d
PASSED: B: 1b2d1336  A: c3d11687 op: SUB C: 575bfcaf
PASSED: B: 76e9dfed  A: eac812d5 op: ADD C: 61b1f2c2
PASSED: B: 1fdfe53f  A: ceae119 op: SUB C: 12f50426
PASSED: B: 59f339b3  A: ada77c5b op: SUB C: ac4bbd58
PASSED: B: ffffffff  A: 982eb030 op: SUB C: 67d14fcf
PASSED: B: 0  A: e6720ccc op: SUB C: 198df334
PASSED: B: d5bc48ab  A: bf24207e op: SUB C: 1698282d
PASSED: B: 5553b1aa  A: 1643a12c op: ADD C: 6b9752d6
PASSED: B: 0  A: 0 op: OR C: 0
PASSED: B: 2730c74e  A: d31b3aa6 op: OR C: f73bffee
PASSED: B: 9e212a3c  A: 0 op: ADD C: 9e212a3c
PASSED: B: d735f1a  A: 486a709 op: ADD C: 11fa0623
PASSED: B: 6bc0b3d7  A: ffffffff op: OR C: ffffffff
PASSED: B: ccca2e99  A: d06492a0 op: ADD C: 9d2ec139
PASSED: B: 0  A: ec8c7ad9 op: SUB C: 13738527
PASSED: B: 3ecc457d  A: 7b7f2ff6 op: OR C: 7fff6fff
PASSED: B: d1b31ca3  A: 0 op: OR C: d1b31ca3
PASSED: B: 7c23eff8  A: c2dd4085 op: SUB C: b946af73
PASSED: B: 0  A: ca6ea094 op: OR C: ca6ea094
PASSED: B: d8c65eb1  A: c4437e88 op: AND C: c0425e80
PASSED: B: 0  A: b4084468 op: OR C: b4084468
PASSED: B: 5e1f11bc  A: 84047408 op: OR C: de1f75bc
PASSED: B: cf50b69e  A: 5232aba4 op: OR C: df72bfbe
PASSED: B: 0  A: 0 op: SUB C: 0
PASSED: B: f1c7d8e3  A: 8e2f6c1c op: OR C: ffeffcff
PASSED: B: ffffffff  A: ffffffff op: ADD C: fffffffe
PASSED: B: d62d8aac  A: f74b14ee op: ADD C: cd789f9a
PASSED: B: ffffffff  A: 576d0dae op: AND C: 576d0dae
PASSED: B: 0  A: 921c8224 op: AND C: 0
PASSED: B: ffffffff  A: 0 op: SUB C: ffffffff
PASSED: B: 0  A: 93a3c027 op: ADD C: 93a3c027
PASSED: B: b9478c72  A: 5786efaf op: ADD C: 10ce7c21
PASSED: B: b307d866  A: 9ca60639 op: AND C: 90060020
PASSED: B: 42e7a585  A: 42c76585 op: AND C: 42c72585
PASSED: B: 1e95593d  A: 788c27f1 op: ADD C: 9721812e
PASSED: B: bc80117  A: e19982c3 op: ADD C: ed6183da
PASSED: B: 3211fb64  A: 6a9e65d5 op: SUB C: c773958f
PASSED: B: d222f4a4  A: ffffffff op: SUB C: d222f4a5
PASSED: B: 55574baa  A: 573a85ae op: AND C: 551201aa
PASSED: B: d979f2b2  A: 0 op: AND C: 0
PASSED: B: 1c6dc538  A: ca52fa94 op: AND C: 840c010
PASSED: B: 7475f7e8  A: 0 op: AND C: 0
PASSED: B: 995f4632  A: 0 op: AND C: 0
PASSED: B: 0  A: 85d7840b op: SUB C: 7a287bf5
PASSED: B: 0  A: 0 op: SUB C: 0
PASSED: B: d8635eb0  A: ffffffff op: AND C: d8635eb0
PASSED: B: 0  A: f30542e6 op: OR C: f30542e6
PASSED: B: 9e0d8e3c  A: aeb47a5d op: OR C: bebdfe7d
PASSED: B: 91dfe823  A: ed03d2da op: AND C: 8103c002
PASSED: B: efc052df  A: 5a9e31b5 op: OR C: ffde73ff
PASSED: B: e9a2d4d3  A: ffffffff op: ADD C: e9a2d4d2
PASSED: B: 0  A: 0 op: ADD C: 0
PASSED: B: 230e2146  A: 9a4c7e34 op: SUB C: 88c1a312
PASSED: B: b4ae5069  A: 0 op: OR C: b4ae5069
PASSED: B: bd792e7a  A: ead458d5 op: AND C: a8500850
PASSED: B: 6797f7cf  A: b9799a72 op: ADD C: 21119241
PASSED: B: 0  A: 3f83307 op: AND C: 0
PASSED: B: 6d54a3da  A: 629f27c5 op: OR C: 6fdfa7df
PASSED: B: 0  A: 73754fe6 op: AND C: 0
PASSED: B: 3600a36c  A: b4f4d16 op: OR C: 3f4fef7e
Simulation complete via $finish(1) at time 497070 NS + 0
./mtm_Alu_tb.sv:340 		#30 $finish;
xcelium> exit
See ./cov_work/scope/lab01/icc.com file for message(s) on coverage constant object marking

coverage setup:
  workdir  :  ./cov_work
  dutinst  :  mtm_Alu_tb(mtm_Alu_tb)
  scope    :  scope
  testname :  lab01

coverage files:
  model(design data) :  ./cov_work/scope/icc_1455f652_3bc78873.ucm
  data               :  ./cov_work/scope/lab01/icc_1455f652_3bc78873.ucd
TOOL:	xrun	19.09-s003: Exiting on Oct 31, 2020 at 23:45:09 CET  (total: 00:00:00)
