TOOL:	xrun	19.09-s003: Started on Oct 31, 2020 at 23:08:56 CET
xrun
	-f dut.f
		mtm_Alu.vp
	-f tb.f
		mtm_Alu_tb.sv
	-v93
	+nowarnDSEM2009
	+nowarnDSEMEL
	+nowarnCGDEFN
	-xmlibdirname INCA_libs_gui
	+access+r
	+gui
	+overwrite
	-nocopyright
	-coverage all
	-covoverwrite
	-covfile xrun_covfile.txt
	-covtest lab01
	-l xrun_gui.log
	-s
INCLUDE $PDK_DIR/cds/cds.lib
|
xrun: *W,DLCVAR (/home/student/mwygrzywalski/cds.lib,1): cds.lib Invalid environment variable ''.
INCLUDE $PDK_DIR/cds/cds.lib
|
xrun: *W,DLCVAR (/home/student/mwygrzywalski/cds.lib,1): cds.lib Invalid environment variable ''.
INCLUDE $PDK_DIR/cds/cds.lib
|
xrun: *W,DLCVAR (/home/student/mwygrzywalski/cds.lib,1): cds.lib Invalid environment variable ''.
INCLUDE $PDK_DIR/cds/cds.lib
|
xrun: *W,DLCVAR (/home/student/mwygrzywalski/cds.lib,1): cds.lib Invalid environment variable ''.
Recompiling... reason: file './mtm_Alu_tb.sv' is newer than expected.
	expected: Sat Oct 31 22:10:12 2020
	actual:   Sat Oct 31 23:08:30 2020
INCLUDE $PDK_DIR/cds/cds.lib
|
xrun: *W,DLCVAR (/home/student/mwygrzywalski/cds.lib,1): cds.lib Invalid environment variable ''.
INCLUDE $PDK_DIR/cds/cds.lib
|
xmvlog: *W,DLCVAR (/home/student/mwygrzywalski/cds.lib,1): cds.lib Invalid environment variable ''.
file: mtm_Alu_tb.sv
			assign op_set = op_set_bit;
			                         |
xmvlog: *W,ENUMERR (mtm_Alu_tb.sv,140|28): This assignment is a violation of SystemVerilog strong typing rules for enumeration datatypes.
			assign op = op_bit;
			                 |
xmvlog: *W,ENUMERR (mtm_Alu_tb.sv,387|20): This assignment is a violation of SystemVerilog strong typing rules for enumeration datatypes.
	module worklib.mtm_Alu_tb:sv
		errors: 0, warnings: 2
	Total errors/warnings found outside modules and primitives:
		errors: 0, warnings: 1
INCLUDE $PDK_DIR/cds/cds.lib
|
xrun: *W,DLCVAR (/home/student/mwygrzywalski/cds.lib,1): cds.lib Invalid environment variable ''.
INCLUDE $PDK_DIR/cds/cds.lib
|
xrun: *W,DLCVAR (/home/student/mwygrzywalski/cds.lib,1): cds.lib Invalid environment variable ''.
INCLUDE $PDK_DIR/cds/cds.lib
|
xmelab: *W,DLCVAR (/home/student/mwygrzywalski/cds.lib,1): cds.lib Invalid environment variable ''.
		Caching library 'worklib' ....... Done
	Elaborating the design hierarchy:
	Top level design units:
		mtm_Alu_tb

	Extracting FSMs for coverage:
		worklib.mtm_Alu
		worklib.mtm_Alu_tb
	Total FSMs extracted = 0
	Building instance overlay tables: ....
			assign op_set = op_set_bit;
			                         |
xmelab: *W,ENUMERR (./mtm_Alu_tb.sv,140|28): This assignment is a violation of SystemVerilog strong typing rules for enumeration datatypes.
			assign op = op_bit;
			                 |
xmelab: *W,ENUMERR (./mtm_Alu_tb.sv,387|20): This assignment is a violation of SystemVerilog strong typing rules for enumeration datatypes.
................ Done
	Enabling instrumentation for coverage types: block expression FSM toggle functional
	Generating native compiled code:
INCLUDE $PDK_DIR/cds/cds.lib
|
xmvlog_cg: *W,DLCVAR (/home/student/mwygrzywalski/cds.lib,1): cds.lib Invalid environment variable ''.
		worklib.mtm_Alu_tb:sv <0x6eb76746>
			streams:  27, words: 43523
	bit [31:0] B_queue[$];
	                 |
xmelab: *W,COVUTA (./mtm_Alu_tb.sv,28|18): Toggle coverage is not supported for SystemVerilog integer, real, string, dynamic array, sparse memory and reference ports. It is also not supported for VHDL multi-dimensional array and array of record. There may also be other such objects in the design.
	Building instance specific data structures.
	Performing constant object marking (COM) analysis.
			bins A2_rst_opn[] = (rst_n => [AND : SUB]);
			                         |
xmelab: *W,CUVBVE (./mtm_Alu_tb.sv,65|28): Bin value type mismatch with coverpoint type.
			bins A3_opn_rst[] = ([AND : SUB] => rst_n);
			                                        |
xmelab: *W,CUVBVE (./mtm_Alu_tb.sv,68|43): Bin value type mismatch with coverpoint type.
			ignore_bins null_ops = {rst_n};
			                            |
xmelab: *W,CUVBVE (./mtm_Alu_tb.sv,80|31): Bin value type mismatch with coverpoint type.
	Loading native compiled code:     .................... Done
	Design hierarchy summary:
		                 Instances  Unique
		Modules:                 5       5
		Registers:             128     128
		Scalar wires:            7       -
		Vectored wires:          2       -
		Always blocks:          12      12
		Initial blocks:          6       6
		Pseudo assignments:      2       2
		Covergroup Instances:    0       2
		Simulation timescale:  1ps
	Writing initial simulation snapshot: worklib.mtm_Alu_tb:sv
INCLUDE $PDK_DIR/cds/cds.lib
|
xmsim: *W,DLCVAR (/home/student/mwygrzywalski/cds.lib,1): cds.lib Invalid environment variable ''.
xcelium> 
xcelium> source /cad/XCELIUM1909/tools/xcelium/files/xmsimrc
xcelium> 
-------------------------------------
Relinquished control to SimVision...
# Restoring simulation environment...
xcelium> input -quiet .reinvoke.sim
xcelium> file delete .reinvoke.sim
xcelium> run
PASSED: B: c0895e81  A: b1f05663 op: OR C: f1f95ee3
PASSED: B: b2c28465  A: f3e301 op: OR C: b2f3e765
PASSED: B: 1e8dcd3d  A: 462df78c op: OR C: 5eadffbd
PASSED: B: e2f784c5  A: 72aff7e5 op: SUB C: 70478ce0
PASSED: B: 47ecdb8f  A: e77696ce op: AND C: 4764928e
PASSED: B: 2e58495c  A: 96ab582d op: OR C: befb597d
PASSED: B: 573870a  A: 0 op: AND C: 0
PASSED: B: cecccc9d  A: 8983b813 op: OR C: cfcffc9f
PASSED: B: 359fdd6b  A: 81174a02 op: ADD C: b6b7276d
PASSED: B: e7c572cf  A: 509650a op: ADD C: ecced7d9
PASSED: B: 7968bdf2  A: 20c4b341 op: AND C: 2040b140
PASSED: B: c48a1289  A: 5b0265b6 op: ADD C: 1f8c783f
PASSED: B: de7502bc  A: 85d79a0b op: OR C: dff79abf
PASSED: B: 27f2554f  A: 1d06333a op: ADD C: 44f88889
PASSED: B: 78d99bf1  A: 31230762 op: AND C: 30010360
PASSED: B: ffffffff  A: ffffffff op: AND C: ffffffff
PASSED: B: cfc4569f  A: adcbc05b op: OR C: efcfd6df
PASSED: B: e8233ed0  A: a8c7fc51 op: ADD C: 90eb3b21
PASSED: B: e12ccec2  A: bb825a77 op: OR C: fbaedef7
PASSED: B: bf05007e  A: 1cd9e739 op: SUB C: a22b1945
PASSED: B: 42d92f85  A: 2dda595b op: OR C: 6fdb7fdf
PASSED: B: ffffffff  A: 2c156358 op: ADD C: 2c156357
PASSED: B: ce2ff29c  A: 937dbc26 op: SUB C: 3ab23676
PASSED: B: 9799a82f  A: afd8565f op: AND C: 8798000f
PASSED: B: e59b36cb  A: 2d28db5a op: OR C: edbbffdb
PASSED: B: ed536cda  A: da8ae2b5 op: SUB C: 12c88a25
PASSED: B: 2231ff44  A: 0 op: ADD C: 2231ff44
PASSED: B: 76fcf0e  A: cd5ebc9a op: OR C: cf7fff9e
PASSED: B: 2b0eed56  A: b3d97667 op: ADD C: dee863bd
PASSED: B: 9c0e8a38  A: dc2bc4b8 op: AND C: 9c0a8038
PASSED: B: 823f2c04  A: 6dcb69db op: OR C: efff6ddf
PASSED: B: b6a4266d  A: 653b49ca op: ADD C: 1bdf7037
PASSED: B: a3071a46  A: 7bd261f7 op: OR C: fbd77bf7
PASSED: B: 44018d88  A: 9690042d op: SUB C: ad71895b
PASSED: B: 8477e408  A: fea7a6fd op: OR C: fef7e6fd
PASSED: B: 43356786  A: 9eb7c63d op: ADD C: e1ed2dc3
PASSED: B: 0  A: 5d7199ba op: ADD C: 5d7199ba
PASSED: B: 6a8e05d5  A: dcf000b9 op: SUB C: 8d9e051c
PASSED: B: 603921c0  A: db461ab6 op: OR C: fb7f3bf6
PASSED: B: 43615786  A: 3f5a9b7e op: SUB C: 406bc08
PASSED: B: ffffffff  A: fd28e4fa op: OR C: ffffffff
PASSED: B: d0f578a1  A: a8639650 op: OR C: f8f7fef1
PASSED: B: 949a8a29  A: e2e574c5 op: AND C: 80800001
PASSED: B: b98c4273  A: c550168a op: ADD C: 7edc58fd
PASSED: B: 549efda9  A: 70bb90e op: ADD C: 5baab6b7
PASSED: B: ffffffff  A: 155a1d2a op: OR C: ffffffff
PASSED: B: 9c6de638  A: 6464e3c8 op: ADD C: d2ca00
PASSED: B: 35a0c96b  A: 5b0bddb6 op: ADD C: 90aca721
PASSED: B: 5c8295b9  A: da269ab4 op: SUB C: 825bfb05
PASSED: B: 7d6df5fa  A: 19452132 op: OR C: 7d6df5fa
PASSED: B: f249a4e4  A: 54a879a9 op: OR C: f6e9fded
PASSED: B: fd8b6afb  A: f78290ef op: OR C: ff8bfaff
PASSED: B: bab14875  A: ffffffff op: SUB C: bab14876
PASSED: B: d73fb4ae  A: 493e4592 op: AND C: 413e0482
PASSED: B: 25b75f4b  A: 8f1cf61e op: OR C: afbfff5f
PASSED: B: c039d18  A: c3761c86 op: OR C: cf779d9e
PASSED: B: 6c44f9d8  A: ab196256 op: SUB C: c12b9782
PASSED: B: 8273e204  A: ec50b4d8 op: ADD C: 6ec496dc
PASSED: B: 9c811239  A: d0c5dca1 op: SUB C: cbbb3598
PASSED: B: 641b85c8  A: 50d5f9a1 op: SUB C: 13458c27
PASSED: B: 2c2d2358  A: a6e9314 op: ADD C: 369bb66c
PASSED: B: d8ace2b1  A: f6c38eed op: SUB C: e1e953c4
PASSED: B: 56b403ad  A: 4249ff84 op: SUB C: 146a0429
PASSED: B: dcef90b9  A: 6de5bbdb op: OR C: fdefbbfb
PASSED: B: d0bc5ea1  A: 7d2a45fa op: OR C: fdbe5ffb
PASSED: B: be75427c  A: ff4f3cfe op: AND C: be45007c
PASSED: B: ffffffff  A: 782321f0 op: AND C: 782321f0
PASSED: B: 0  A: 7b0da9f6 op: OR C: 7b0da9f6
PASSED: B: 0  A: 1cde7139 op: AND C: 0
PASSED: B: 1521932a  A: aec3515 op: OR C: 1fedb73f
PASSED: B: a18bee43  A: c3360486 op: OR C: e3bfeec7
PASSED: B: c69da28d  A: 3d62707 op: AND C: 2942205
PASSED: B: b8ade671  A: 5b60e5b6 op: SUB C: 5d4d00bb
PASSED: B: ae78585c  A: 902a3a20 op: AND C: 80281800
PASSED: B: da3d8cb4  A: 86dcf00d op: SUB C: 53609ca7
PASSED: B: cf63da9e  A: bde0d27b op: SUB C: 11830823
PASSED: B: 71c129e3  A: 58f93db1 op: AND C: 50c129a1
PASSED: B: f01d34e0  A: 297a1552 op: AND C: 20181440
PASSED: B: a95fc452  A: 236afd46 op: AND C: 214ac442
PASSED: B: 0  A: 352d616a op: AND C: 0
PASSED: B: 3e6f0f7c  A: 0 op: ADD C: 3e6f0f7c
PASSED: B: d31dfea6  A: 19058332 op: ADD C: ec2381d8
PASSED: B: 8a64b014  A: 25f2034b op: AND C: 600000
PASSED: B: 433e9786  A: da058ab4 op: AND C: 42048284
PASSED: B: 467c458c  A: b522406a op: OR C: f77e45ee
PASSED: B: a5e79e4b  A: 76295bec op: SUB C: 2fbe425f
PASSED: B: 64e165c9  A: ef8372df op: AND C: 648160c9
PASSED: B: 4ea0419d  A: 0 op: ADD C: 4ea0419d
PASSED: B: ecb91ad9  A: 0 op: AND C: 0
PASSED: B: 71b461e3  A: e471f8c8 op: OR C: f5f5f9eb
PASSED: B: 4226a984  A: 1c8d7f39 op: ADD C: 5eb428bd
PASSED: B: 2c848959  A: 0 op: ADD C: 2c848959
PASSED: B: 6d8b87db  A: 5d85d3bb op: AND C: 4d81839b
PASSED: B: ffffffff  A: 8653620c op: OR C: ffffffff
PASSED: B: 67d735cf  A: 0 op: OR C: 67d735cf
PASSED: B: 3b83cd77  A: ec3758d8 op: SUB C: 4f4c749f
PASSED: B: 5c78b1b8  A: c378ee86 op: AND C: 4078a080
PASSED: B: 5ad6c7b5  A: 3878707 op: ADD C: 5e5e4ebc
PASSED: B: 45e28b8b  A: 6d808bdb op: AND C: 45808b8b
PASSED: B: e2ecdac5  A: 0 op: SUB C: e2ecdac5
PASSED: B: 57fbb9af  A: 7c41aff8 op: ADD C: d43d69a7
PASSED: B: ffffffff  A: cab47c95 op: ADD C: cab47c94
PASSED: B: 0  A: 9420ea28 op: AND C: 0
PASSED: B: f0eeaee1  A: 3715156e op: OR C: f7ffbfef
PASSED: B: 3437d568  A: 0 op: ADD C: 3437d568
PASSED: B: ffffffff  A: be9bbc7d op: ADD C: be9bbc7c
PASSED: B: 1e664d3c  A: 77ebb1ef op: SUB C: a67a9b4d
PASSED: B: ffffffff  A: 5cd20db9 op: SUB C: a32df246
PASSED: B: 32dc4165  A: db983ab7 op: OR C: fbdc7bf7
PASSED: B: b8ea3a71  A: f2356ae4 op: ADD C: ab1fa555
PASSED: B: 2cee5f59  A: 76de6bed op: OR C: 7efe7ffd
PASSED: B: 57c1d1af  A: e696e8cd op: AND C: 4680c08d
PASSED: B: d14820a2  A: b555de6a op: AND C: 91400022
PASSED: B: 0  A: 929d5825 op: AND C: 0
PASSED: B: ae23ce5c  A: 3cb3ab79 op: AND C: 2c238a58
PASSED: B: 870cee0e  A: 671030c op: ADD C: 8d7df11a
PASSED: B: acecdc59  A: d9b8c0b3 op: AND C: 88a8c011
PASSED: B: 66cf10c  A: 1729302 op: OR C: 77ef30e
PASSED: B: 271c434e  A: 5c7951b8 op: AND C: 4184108
PASSED: B: d7b48eaf  A: 48590990 op: OR C: dffd8fbf
PASSED: B: 3d82bd7b  A: 0 op: OR C: 3d82bd7b
PASSED: B: b87c1070  A: 94ded829 op: AND C: 905c1020
PASSED: B: 0  A: 0 op: AND C: 0
PASSED: B: 26bf3f4d  A: 7a87aff5 op: OR C: 7ebfbffd
PASSED: B: b558a66a  A: dc4308b8 op: ADD C: 919baf22
PASSED: B: 23400b46  A: c9cbbc93 op: OR C: ebcbbfd7
PASSED: B: 22d5f145  A: ac93e059 op: ADD C: cf69d19e
PASSED: B: 8f63e41e  A: 0 op: ADD C: 8f63e41e
PASSED: B: 5c9967b9  A: 6826d9d0 op: SUB C: f4728de9
PASSED: B: a2cc8845  A: 45f3238b op: AND C: c00001
PASSED: B: d27f0aa4  A: 52b533a5 op: ADD C: 25343e49
PASSED: B: ac782c58  A: 2e36435c op: ADD C: daae6fb4
PASSED: B: c161918  A: 5515d1aa op: ADD C: 612beac2
PASSED: B: 5934e9b2  A: f4f00ee9 op: SUB C: 6444dac9
PASSED: B: 7c2db9f8  A: 4483ad89 op: SUB C: 37aa0c6f
PASSED: B: d6a128ad  A: 92f91225 op: SUB C: 43a81688
PASSED: B: 8d94d21b  A: 0 op: OR C: 8d94d21b
PASSED: B: 82344204  A: 1b368b36 op: ADD C: 9d6acd3a
PASSED: B: f24baee4  A: d57fecaa op: AND C: d04baca0
PASSED: B: 4665378c  A: 7dfe8ffb op: AND C: 44640788
PASSED: B: bec5717  A: 75fb21eb op: OR C: 7fff77ff
PASSED: B: c7b2e28f  A: ffffffff op: AND C: c7b2e28f
PASSED: B: eb1d02d6  A: d63751a op: OR C: ef7f77de
PASSED: B: 87628e0e  A: 66861dcd op: OR C: e7e69fcf
PASSED: B: 4c18c798  A: 9541d62a op: OR C: dd59d7ba
PASSED: B: 81fa3603  A: feaddcfd op: ADD C: 80a81300
PASSED: B: ba603874  A: 0 op: ADD C: ba603874
PASSED: B: b46afc68  A: ff202efe op: ADD C: b38b2b66
PASSED: B: 7dddabfb  A: bcbbf17 op: SUB C: 7211ece4
PASSED: B: 1500052a  A: ea7626d4 op: SUB C: 2a89de56
PASSED: B: 277eb04  A: 468b618d op: OR C: 46ffeb8d
PASSED: B: dc9974b9  A: b05f8e60 op: ADD C: 8cf90319
PASSED: B: 1b855f37  A: 39d65773 op: ADD C: 555bb6aa
PASSED: B: 183fc330  A: 0 op: AND C: 0
PASSED: B: 7c6e91f8  A: 29c01f53 op: AND C: 28401150
PASSED: B: ffffffff  A: fd5f5afa op: OR C: ffffffff
PASSED: B: 0  A: 98d73831 op: ADD C: 98d73831
PASSED: B: 6db6b0d  A: 20310740 op: AND C: 110300
PASSED: B: c0620280  A: e1e386c3 op: OR C: e1e386c3
PASSED: B: bc781078  A: afed265f op: SUB C: c8aea19
PASSED: B: 1c421738  A: 64f2bdc9 op: SUB C: b74f596f
PASSED: B: 6754d7ce  A: 927fa424 op: SUB C: d4d533aa
PASSED: B: 3ac26f75  A: 8d7d721a op: AND C: 8406210
PASSED: B: ac05a058  A: 0 op: SUB C: ac05a058
PASSED: B: 32c3df65  A: 3703906 op: AND C: 2401904
PASSED: B: e455f0c8  A: 9bf8f237 op: AND C: 8050f000
PASSED: B: 28d6a951  A: 4d9ee39b op: OR C: 6ddeebdb
PASSED: B: 0  A: 278dbb4f op: AND C: 0
PASSED: B: ee8118dd  A: 30e20f61 op: OR C: fee31ffd
PASSED: B: 178b972f  A: ef1deade op: SUB C: 286dac51
PASSED: B: 74dc69e9  A: 6aa4a1d5 op: SUB C: a37c814
PASSED: B: 52397da4  A: 6b299dd6 op: SUB C: e70fdfce
PASSED: B: 506aefa0  A: 5fe3cbbf op: OR C: 5febefbf
PASSED: B: 229d0b45  A: fc670af8 op: ADD C: 1f04163d
PASSED: B: a84e5850  A: ce10fe9c op: AND C: 88005810
PASSED: B: ffffffff  A: b4e46669 op: ADD C: b4e46668
PASSED: B: c2e87485  A: 1407f128 op: ADD C: d6f065ad
PASSED: B: 69e751d3  A: fdeb7cfb op: SUB C: 6bfbd4d8
PASSED: B: e64828cc  A: 4f49019e op: OR C: ef4929de
PASSED: B: df9bd0bf  A: e06098c0 op: OR C: fffbd8ff
PASSED: B: 2a1d7354  A: a4de2849 op: SUB C: 853f4b0b
PASSED: B: 41b5d583  A: 5cdea1b9 op: OR C: 5dfff5bb
PASSED: B: f8da1af1  A: d7e1aeaf op: AND C: d0c00aa1
PASSED: B: 7e29b3fc  A: e203f0c4 op: SUB C: 9c25c338
PASSED: B: 398a1973  A: d066e4a0 op: ADD C: 9f0fe13
PASSED: B: 5d86b7bb  A: f16948e2 op: SUB C: 6c1d6ed9
PASSED: B: 4fdbed9f  A: 0 op: ADD C: 4fdbed9f
PASSED: B: 55bc27ab  A: aa08ac54 op: OR C: ffbcafff
PASSED: B: 560c91ac  A: 1df61f3b op: OR C: 5ffe9fbf
PASSED: B: ffffffff  A: aae0a255 op: AND C: aae0a255
PASSED: B: d3fe36a7  A: f23316e4 op: OR C: f3ff36e7
PASSED: B: fd52d8fa  A: 7fcff3ff op: OR C: ffdffbff
PASSED: B: a5955c4b  A: 1b978f37 op: ADD C: c12ceb82
PASSED: B: 90184e20  A: 913e0222 op: AND C: 90180220
PASSED: B: 3d7f5b7a  A: f4a1dae9 op: SUB C: 48dd8091
PASSED: B: b704e26e  A: 3e502d7c op: OR C: bf54ef7e
PASSED: B: 94bd312  A: c1c3d683 op: OR C: c9cbd793
PASSED: B: a5365c4a  A: 669907cd op: AND C: 24100448
PASSED: B: 766153ec  A: f1a32ee3 op: AND C: 702102e0
PASSED: B: 1687472d  A: 6e8d45dd op: AND C: 685450d
PASSED: B: ffffffff  A: ffffffff op: AND C: ffffffff
PASSED: B: 13d1f727  A: 9dfc313 op: AND C: 1d1c303
PASSED: B: f361cae6  A: 35557b6a op: ADD C: 28b74650
PASSED: B: 4b1ce996  A: 1725712e op: OR C: 5f3df9be
PASSED: B: bb062876  A: c7b43a8f op: OR C: ffb63aff
PASSED: B: be43ea7c  A: ffffffff op: OR C: ffffffff
PASSED: B: 5a3761b4  A: d6aea8ad op: SUB C: 8388b907
PASSED: B: 384d4170  A: a8c6c451 op: AND C: 28444050
PASSED: B: 0  A: 379ed06 op: ADD C: 379ed06
PASSED: B: ffffffff  A: 42797584 op: AND C: 42797584
PASSED: B: 8098510  A: d659d0ac op: OR C: de59d5bc
PASSED: B: 30c38f61  A: 48c3b791 op: SUB C: e7ffd7d0
PASSED: B: 17bd872f  A: 5bd583b7 op: ADD C: 73930ae6
PASSED: B: ce03ec9c  A: ffffffff op: AND C: ce03ec9c
PASSED: B: b1200062  A: 1747832e op: OR C: b767836e
PASSED: B: d51cb4aa  A: 0 op: SUB C: d51cb4aa
PASSED: B: 0  A: e6841ccd op: OR C: e6841ccd
PASSED: B: eff692df  A: 2c402158 op: SUB C: c3b67187
PASSED: B: 835da206  A: 624b63c4 op: SUB C: 21123e42
PASSED: B: 26c7134d  A: bfd62a7f op: ADD C: e69d3dcc
PASSED: B: f05d64e0  A: 40fb4f81 op: OR C: f0ff6fe1
PASSED: B: ffffffff  A: aed0f05d op: SUB C: 512f0fa2
PASSED: B: 348ed569  A: cd57529a op: AND C: 4065008
PASSED: B: 69cd77d3  A: 6c74f5d8 op: AND C: 684475d0
PASSED: B: 92d06025  A: ab37a856 op: AND C: 82102004
PASSED: B: d633f1a  A: 0 op: AND C: 0
PASSED: B: b66a586c  A: 0 op: OR C: b66a586c
PASSED: B: 6d0f00  A: 6c1987d8 op: AND C: 90700
PASSED: B: e8cfb0d1  A: a8e1ee51 op: OR C: e8effed1
PASSED: B: bf21067e  A: 0 op: AND C: 0
PASSED: B: c0ad8081  A: 53a8b5a7 op: SUB C: 6d04cada
PASSED: B: ffffffff  A: 0 op: AND C: 0
PASSED: B: 7887dff1  A: 4f234d9e op: AND C: 48034d90
PASSED: B: 8569fa0a  A: ffffffff op: OR C: ffffffff
PASSED: B: 92fd2825  A: ac509c58 op: ADD C: 3f4dc47d
PASSED: B: ffffffff  A: 13b75327 op: AND C: 13b75327
PASSED: B: c961e492  A: 23301b46 op: SUB C: a631c94c
PASSED: B: 7bde15f7  A: 39092f72 op: ADD C: b4e74569
PASSED: B: c9490292  A: 34097568 op: OR C: fd4977fa
PASSED: B: aad1c855  A: 2f49535e op: OR C: afd9db5f
PASSED: B: 4410d08  A: 9f80983f op: AND C: 4000808
PASSED: B: 99183032  A: 2f73fb5e op: AND C: 9103012
PASSED: B: 8511580a  A: 64eb39c9 op: OR C: e5fb79cb
PASSED: B: 729a7fe5  A: 11c6c523 op: OR C: 73deffe7
PASSED: B: 2f36c55e  A: 73a730e op: AND C: 732410e
PASSED: B: 2416b948  A: 4dfe879b op: OR C: 6dfebfdb
PASSED: B: 55ff23ab  A: 5e9d2fbd op: OR C: 5fff2fbf
PASSED: B: f059ace0  A: ffffffff op: OR C: ffffffff
PASSED: B: 13180326  A: 84a8e809 op: AND C: 80000
PASSED: B: 5858bdb0  A: 52a151a5 op: SUB C: 5b76c0b
PASSED: B: 2798e34f  A: 8ecaa21d op: SUB C: 98ce4132
PASSED: B: 336d9366  A: 1fb0d13f op: AND C: 13209126
PASSED: B: a62c344c  A: 286f1350 op: OR C: ae6f375c
PASSED: B: 3564836a  A: f7fecaef op: AND C: 3564826a
PASSED: B: ffffffff  A: d47b42a8 op: OR C: ffffffff
PASSED: B: dc22dcb8  A: eb40e6d6 op: OR C: ff62fefe
PASSED: B: e7b374cf  A: 2047dd40 op: ADD C: 7fb520f
PASSED: B: ad27c45a  A: 12ce1125 op: SUB C: 9a59b335
PASSED: B: bc944679  A: ffffffff op: AND C: bc944679
PASSED: B: 42955d85  A: b9d96873 op: AND C: 914801
PASSED: B: 9a544234  A: 28b1f151 op: SUB C: 71a250e3
PASSED: B: 5ec5ebbd  A: 2764754e op: SUB C: 3761766f
PASSED: B: f670fcec  A: ce96ca9d op: AND C: c610c88c
PASSED: B: b24cf664  A: 48e9ff91 op: AND C: 48f600
PASSED: B: 89de2c13  A: e62911c op: AND C: 8420010
PASSED: B: 2e97795d  A: 66065bcc op: SUB C: c8911d91
PASSED: B: 652825ca  A: 8f32fa1e op: ADD C: f45b1fe8
PASSED: B: 6dfcf1db  A: 106e4320 op: AND C: 6c4100
PASSED: B: e6b110cd  A: a2ce0045 op: OR C: e6ff10cd
PASSED: B: 6ec2cbdd  A: 0 op: SUB C: 6ec2cbdd
PASSED: B: 408a2981  A: 598d27b3 op: SUB C: e6fd01ce
PASSED: B: f0b860e1  A: d7f844af op: AND C: d0b840a1
PASSED: B: 3aaf8775  A: 86d26e0d op: SUB C: b3dd1968
PASSED: B: 7e7f21fc  A: ffffffff op: SUB C: 7e7f21fd
PASSED: B: b428aa68  A: fd9380fb op: OR C: fdbbaafb
PASSED: B: 29951b53  A: ffffffff op: OR C: ffffffff
PASSED: B: b26ffe64  A: 7b24bdf6 op: AND C: 3224bc64
PASSED: B: b7d0ca6f  A: 1f77b73e op: SUB C: 98591331
PASSED: B: 9e9dca3d  A: 0 op: ADD C: 9e9dca3d
PASSED: B: 19a8e333  A: 0 op: AND C: 0
PASSED: B: 0  A: 7f0b90f op: ADD C: 7f0b90f
PASSED: B: 11c91123  A: a538004a op: ADD C: b701116d
PASSED: B: 442d0788  A: 38eedd71 op: AND C: 2c0500
PASSED: B: b600e26c  A: 7f2767fe op: SUB C: 36d97a6e
PASSED: B: e0c9acc1  A: 8c712218 op: OR C: ecf9aed9
PASSED: B: 646601c8  A: a46c4848 op: SUB C: bff9b980
PASSED: B: 0  A: b3aa3667 op: AND C: 0
PASSED: B: 0  A: 67dd53cf op: ADD C: 67dd53cf
PASSED: B: ca698294  A: 4c54e198 op: ADD C: 16be642c
PASSED: B: c6ad048d  A: d7e1c6af op: AND C: c6a1048d
PASSED: B: 0  A: ca594094 op: OR C: ca594094
PASSED: B: 12957f25  A: 1dd3013b op: ADD C: 30688060
PASSED: B: b636716  A: 0 op: ADD C: b636716
PASSED: B: 96ec2a2d  A: 83a5a007 op: AND C: 82a42005
PASSED: B: 34243768  A: 75b801eb op: SUB C: be6c357d
PASSED: B: 41987f83  A: 38bd8d71 op: AND C: 980d01
PASSED: B: b9637872  A: 66371fcc op: AND C: 20231840
PASSED: B: 41524b82  A: fa6daef4 op: SUB C: 46e49c8e
PASSED: B: c0d54c81  A: 65e2ffcb op: ADD C: 26b84c4c
PASSED: B: faf442f5  A: 23661746 op: SUB C: d78e2baf
PASSED: B: 49b4c193  A: e2561cc4 op: ADD C: 2c0ade57
PASSED: B: a8e1aa51  A: 51bd47a3 op: AND C: a10201
PASSED: B: 98f8c031  A: aba92e57 op: ADD C: 44a1ee88
PASSED: B: 8079ac00  A: 94aa8429 op: ADD C: 15243029
PASSED: B: 3685f36d  A: 7eb00bfd op: SUB C: b7d5e770
PASSED: B: 675dc5ce  A: e50b48ca op: SUB C: 82527d04
PASSED: B: 16479b2c  A: 11357d22 op: SUB C: 5121e0a
PASSED: B: 1ee3173d  A: 0 op: OR C: 1ee3173d
PASSED: B: 544fbfa8  A: 41031982 op: OR C: 554fbfaa
PASSED: B: efebd4df  A: 8658500c op: AND C: 8648500c
PASSED: B: 40f9f181  A: ffffffff op: AND C: 40f9f181
PASSED: B: c4605888  A: defd9cbd op: AND C: c4601888
PASSED: B: ffffffff  A: becefe7d op: ADD C: becefe7c
PASSED: B: 88fa311  A: ffffffff op: SUB C: 88fa312
PASSED: B: bd823a7b  A: e2e87ec5 op: SUB C: da99bbb6
PASSED: B: e527e6ca  A: 1ec7a73d op: OR C: ffe7e7ff
PASSED: B: f5a36aeb  A: 14d49329 op: SUB C: e0ced7c2
PASSED: B: 8ed88a1d  A: 79068bf2 op: ADD C: 7df160f
PASSED: B: fbced2f7  A: a2e74e45 op: ADD C: 9eb6213c
PASSED: B: d39764a7  A: 9154fc22 op: OR C: d3d7fca7
PASSED: B: c68ec48d  A: 1dec713b op: SUB C: a8a25352
PASSED: B: 6581f3cb  A: c1dbd18 op: SUB C: 596436b3
PASSED: B: 87b3680f  A: 6847f1d0 op: SUB C: 1f6b763f
PASSED: B: 1053a720  A: 92de5425 op: ADD C: a331fb45
PASSED: B: 254a704  A: 0 op: SUB C: 254a704
PASSED: B: 8fac9e1f  A: 8a205c14 op: OR C: 8facde1f
PASSED: B: 671fa9ce  A: 5cea0bb9 op: AND C: 440a0988
PASSED: B: 8684180d  A: 2a6b8354 op: AND C: 2000004
PASSED: B: 3d09457a  A: a58c544b op: SUB C: 977cf12f
PASSED: B: 2f51675e  A: dbc631b op: OR C: 2ffd675f
PASSED: B: 2da34f5b  A: 308d00 op: OR C: 2db3cf5b
PASSED: B: eef5d1d  A: c9bdf19 op: SUB C: 2537e04
PASSED: B: b7963e6f  A: bffa847f op: AND C: b792046f
PASSED: B: c27cd18  A: 77012fee op: OR C: 7f27effe
PASSED: B: 86b1140d  A: 57c27daf op: ADD C: de7391bc
PASSED: B: 2a665f54  A: 6e37cddc op: OR C: 6e77dfdc
PASSED: B: 1bccbd37  A: bbf7917 op: ADD C: 278c364e
PASSED: B: 1d9a7b3b  A: b14c4a62 op: AND C: 11084a22
PASSED: B: ffffffff  A: 67b4c1cf op: ADD C: 67b4c1ce
PASSED: B: 0  A: 1b802737 op: OR C: 1b802737
PASSED: B: efc5c0df  A: c18d1c83 op: ADD C: b152dd62
PASSED: B: 899e6a13  A: 0 op: AND C: 0
PASSED: B: 1dc5013b  A: 84732208 op: ADD C: a2382343
PASSED: B: e256d0c4  A: a5cad44b op: AND C: a042d040
PASSED: B: ffffffff  A: a67f2a4c op: SUB C: 5980d5b3
PASSED: B: ffffffff  A: d6095aac op: ADD C: d6095aab
PASSED: B: 7c8e27f9  A: e9c860d3 op: AND C: 688820d1
PASSED: B: f8c1b2f1  A: 249f2f49 op: ADD C: 1d60e23a
PASSED: B: 286cff50  A: afcf915 op: SUB C: 1d70063b
PASSED: B: f9a6aef3  A: 7679ffec op: AND C: 7020aee0
PASSED: B: 1cd73d39  A: 0 op: ADD C: 1cd73d39
PASSED: B: a72c0e4e  A: 0 op: SUB C: a72c0e4e
PASSED: B: 6c153fd8  A: e466e6c8 op: SUB C: 87ae5910
PASSED: B: 0  A: a71f084e op: AND C: 0
PASSED: B: 9110d422  A: 5423efa8 op: SUB C: 3cece47a
PASSED: B: 63b805c7  A: 4b400196 op: OR C: 6bf805d7
PASSED: B: 680ddbd0  A: ccea8299 op: ADD C: 34f85e69
PASSED: B: d0a47ea1  A: e33e50c6 op: AND C: c0245080
PASSED: B: a24f9a44  A: 1a050934 op: ADD C: bc54a378
PASSED: B: 77b723ef  A: 30069360 op: SUB C: 47b0908f
PASSED: B: 1b1ea336  A: 6f4b29de op: AND C: b0a2116
PASSED: B: 1d64753a  A: f2b778e5 op: SUB C: 2aacfc55
PASSED: B: c508cc8a  A: cbb5b897 op: SUB C: f95313f3
PASSED: B: 8e7e981c  A: 955b312 op: ADD C: 97d44b2e
PASSED: B: 712a9be2  A: b65f1c6c op: OR C: f77f9fee
PASSED: B: c4a52e89  A: ffffffff op: SUB C: c4a52e8a
PASSED: B: ddfc30bb  A: 0 op: SUB C: ddfc30bb
PASSED: B: ffffffff  A: 1608ab2c op: AND C: 1608ab2c
PASSED: B: 78db0ff1  A: a8a35e51 op: OR C: f8fb5ff1
PASSED: B: 4e76db9c  A: f9f646f3 op: AND C: 48764290
PASSED: B: 3fae597f  A: 0 op: SUB C: 3fae597f
PASSED: B: a4acde49  A: 570875ae op: OR C: f7acffef
PASSED: B: 76c657ed  A: 7598d3eb op: SUB C: 12d8402
PASSED: B: ffffffff  A: faafa0f5 op: SUB C: 5505f0a
PASSED: B: 2bf16357  A: 7801e9f0 op: OR C: 7bf1ebf7
PASSED: B: e492f6c9  A: 4539398a op: ADD C: 29cc3053
PASSED: B: c791be8f  A: 6fddf0d op: SUB C: c093df82
PASSED: B: 64d081c9  A: efcf68df op: ADD C: 549feaa8
PASSED: B: d43276a8  A: 5b7307b6 op: AND C: 503206a0
PASSED: B: cf51aa9e  A: 922de424 op: SUB C: 3d23c67a
PASSED: B: ffffffff  A: e0eda4c1 op: ADD C: e0eda4c0
PASSED: B: 47e50f8f  A: bccd1079 op: SUB C: 8b17ff16
PASSED: B: b0323e60  A: 42ce8785 op: SUB C: 6d63b6db
PASSED: B: ffffffff  A: a676744c op: ADD C: a676744b
PASSED: B: 3a70ef74  A: 64612dc8 op: SUB C: d60fc1ac
PASSED: B: 184abd30  A: 44ae6589 op: AND C: a2500
PASSED: B: 85826e0b  A: e62ab1c op: AND C: 4022a08
PASSED: B: eaacb0d5  A: 0 op: ADD C: eaacb0d5
PASSED: B: 767c07ec  A: 8f25161e op: AND C: 624060c
PASSED: B: c4c83689  A: b7bb516 op: SUB C: b94c8173
PASSED: B: be43e87c  A: a0849841 op: AND C: a0008840
PASSED: B: b9617a72  A: 0 op: ADD C: b9617a72
PASSED: B: 20437140  A: e93c4cd2 op: OR C: e97f7dd2
PASSED: B: 27b91f4f  A: 69fcb5d3 op: SUB C: bdbc697c
PASSED: B: ffffffff  A: ffffffff op: SUB C: 0
PASSED: B: 61e8e9c3  A: 6c776fd8 op: SUB C: f57179eb
PASSED: B: c5b6de8b  A: 6815d9d0 op: SUB C: 5da104bb
PASSED: B: 8e058c1c  A: 294c2b52 op: AND C: 8040810
PASSED: B: 201b3b40  A: 0 op: SUB C: 201b3b40
PASSED: B: 5dec4fbb  A: c16ed18 op: SUB C: 51d562a3
PASSED: B: 8589c40b  A: f5a170eb op: AND C: 8581400b
PASSED: B: bb213276  A: c44f2488 op: AND C: 80012000
PASSED: B: a5eff84b  A: 9fcf743f op: SUB C: 620840c
PASSED: B: 76136bec  A: b2cf5665 op: OR C: f6df7fed
PASSED: B: d9276eb2  A: 4734718e op: AND C: 41246082
PASSED: B: a767de4e  A: 60b59bc1 op: ADD C: 81d7a0f
PASSED: B: a958e252  A: 95d7182b op: ADD C: 3f2ffa7d
PASSED: B: 0  A: 6b27f3d6 op: ADD C: 6b27f3d6
PASSED: B: 41180b82  A: 99e45833 op: SUB C: a733b34f
PASSED: B: 240f3d48  A: d20c20a4 op: AND C: c2000
PASSED: B: 45240d8a  A: e1380ec2 op: OR C: e53c0fca
PASSED: B: 0  A: 959b082b op: OR C: 959b082b
PASSED: B: 2668df4c  A: eef2c2dd op: ADD C: 155ba229
PASSED: B: 2044b940  A: 5a4dc3b4 op: ADD C: 7a927cf4
PASSED: B: df35bebe  A: c5707a8a op: AND C: c5303a8a
PASSED: B: 907b8220  A: 2a52e154 op: AND C: 528000
PASSED: B: 0  A: 6d18e1da op: ADD C: 6d18e1da
PASSED: B: 2ff39b5f  A: d57906aa op: ADD C: 56ca209
PASSED: B: c3d11687  A: d0b432a1 op: OR C: d3f536a7
PASSED: B: eac812d5  A: d55ba0aa op: SUB C: 156c722b
PASSED: B: ceae119  A: bcbbb079 op: SUB C: 502f30a0
PASSED: B: ada77c5b  A: 3974d07 op: OR C: afb77d5f
PASSED: B: 0  A: 782fddf0 op: AND C: 0
PASSED: B: 5f90c3bf  A: d5bc48ab op: AND C: 559040ab
PASSED: B: 39f5907  A: 5553b1aa op: OR C: 57dff9af
PASSED: B: e16ac4c2  A: 0 op: AND C: 0
PASSED: B: a164cc42  A: a0e27e41 op: ADD C: 42474a83
PASSED: B: d21642a4  A: 783865f0 op: ADD C: 4a4ea894
PASSED: B: d735f1a  A: 486a709 op: ADD C: 11fa0623
PASSED: B: 6bc0b3d7  A: 34eacd69 op: AND C: 20c08141
PASSED: B: 6eefcfdd  A: 0 op: ADD C: 6eefcfdd
PASSED: B: de5a4abc  A: 7c1850f op: OR C: dfdbcfbf
PASSED: B: ecf26ed9  A: 86dfc00d op: ADD C: 73d22ee6
PASSED: B: 20048b40  A: f12feae2 op: AND C: 20048a40
PASSED: B: c2dd4085  A: ac3f1258 op: OR C: eeff52dd
PASSED: B: 56eaa1ad  A: d8c65eb1 op: OR C: deeeffbd
PASSED: B: 145cbb28  A: 8ae99c15 op: AND C: 489800
PASSED: B: e959f0d2  A: c6cf01 op: AND C: 40c000
PASSED: B: ad43a25a  A: d2aa00a5 op: AND C: 80020000
PASSED: B: a8575c50  A: 0 op: SUB C: a8575c50
PASSED: B: f1c7d8e3  A: 8e2f6c1c op: OR C: ffeffcff
PASSED: B: 83cfa407  A: c50e508a op: AND C: 810e0002
PASSED: B: f74b14ee  A: 7fe3b7ff op: AND C: 774314ee
PASSED: B: 9669b82c  A: 0 op: OR C: 9669b82c
PASSED: B: f42872e8  A: 88539e10 op: SUB C: 6bd4d4d8
PASSED: B: 3570196a  A: 49569992 op: AND C: 1501902
PASSED: B: 8b1f5816  A: ffffffff op: ADD C: 8b1f5815
PASSED: B: b307d866  A: 9ca60639 op: AND C: 90060020
PASSED: B: 42e7a585  A: 42c76585 op: AND C: 42c72585
PASSED: B: 1e95593d  A: 788c27f1 op: ADD C: 9721812e
PASSED: B: bc80117  A: e19982c3 op: ADD C: ed6183da
PASSED: B: 3211fb64  A: 6a9e65d5 op: SUB C: c773958f
PASSED: B: d222f4a4  A: ffffffff op: SUB C: d222f4a5
PASSED: B: 55574baa  A: 573a85ae op: AND C: 551201aa
PASSED: B: d979f2b2  A: 0 op: AND C: 0
PASSED: B: 1c6dc538  A: ca52fa94 op: AND C: 840c010
PASSED: B: 7475f7e8  A: d63bc2ac op: OR C: f67ff7ec
PASSED: B: ec38c4d8  A: 64064bc8 op: ADD C: 503f10a0
PASSED: B: a1d3a043  A: b85fac70 op: SUB C: e973f3d3
PASSED: B: d8635eb0  A: ffffffff op: AND C: d8635eb0
PASSED: B: 5b0a85b6  A: 20ec8141 op: OR C: 7bee85f7
PASSED: B: ccf51e99  A: 8a830015 op: SUB C: 42721e84
PASSED: B: 155b332a  A: ce5a389c op: ADD C: e3b56bc6
PASSED: B: ffffffff  A: 5a9e31b5 op: OR C: ffffffff
PASSED: B: e9a2d4d3  A: ffffffff op: ADD C: e9a2d4d2
PASSED: B: c053be80  A: c61fde8c op: ADD C: 86739d0c
PASSED: B: 9a4c7e34  A: 7a2c9df4 op: OR C: fa6cfff4
PASSED: B: 0  A: bcbb1c79 op: ADD C: bcbb1c79
PASSED: B: ead458d5  A: 4ddcd99b op: SUB C: 9cf77f3a
PASSED: B: b9799a72  A: 7c552ff8 op: ADD C: 35ceca6a
PASSED: B: f87838f0  A: 6d54a3da op: ADD C: 65ccdcca
PASSED: B: 3292e165  A: 39d82973 op: ADD C: 6c6b0ad8
PASSED: B: 8b5b0016  A: e6aaaccd op: ADD C: 7205ace3
PASSED: B: a8361250  A: c5463e8a op: AND C: 80061200
PASSED: B: 8b3bb816  A: 1713852e op: AND C: 3138006
PASSED: B: 57f519af  A: ffffffff op: OR C: ffffffff
PASSED: B: e4d5d6c9  A: 0 op: OR C: e4d5d6c9
PASSED: B: b79c9c6f  A: 999fe033 op: ADD C: 513c7ca2
PASSED: B: d60c94ac  A: 34f04d69 op: ADD C: afce215
PASSED: B: 52ad53a5  A: 5d43cdba op: ADD C: aff1215f
PASSED: B: c9c31693  A: a04b1c40 op: SUB C: 2977fa53
PASSED: B: 0  A: c2aaa085 op: AND C: 0
PASSED: B: c94ce892  A: 3958fd72 op: SUB C: 8ff3eb20
PASSED: B: ffffffff  A: 199b7f33 op: SUB C: e66480cc
PASSED: B: ffffffff  A: 0 op: AND C: 0
PASSED: B: e68e36cd  A: b9158e72 op: AND C: a0040640
PASSED: B: 32221564  A: 29a75553 op: AND C: 20221540
PASSED: B: a560904a  A: c894ba91 op: OR C: edf4badb
PASSED: B: f09c1ae1  A: 5a91adb5 op: SUB C: 960a6d2c
PASSED: B: cdf76a9b  A: 8949f412 op: OR C: cdfffe9b
PASSED: B: 2ecb7d5d  A: 2354b146 op: AND C: 22403144
PASSED: B: 32443b64  A: 0 op: ADD C: 32443b64
PASSED: B: 0  A: ffffffff op: SUB C: 1
PASSED: B: e49e06c9  A: 85fe520b op: ADD C: 6a9c58d4
PASSED: B: 6fb197df  A: 397eff72 op: ADD C: a9309751
PASSED: B: ca9f319  A: 47c0a98f op: ADD C: 546a9ca8
PASSED: B: 0  A: 8fde981f op: OR C: 8fde981f
PASSED: B: 27e9ed4f  A: 32238b64 op: AND C: 22218944
PASSED: B: 4d7a999a  A: dcc8c8b9 op: OR C: ddfad9bb
PASSED: B: d84fb2b0  A: 749ab7e9 op: AND C: 500ab2a0
Simulation complete via $finish(1) at time 497070 NS + 0
./mtm_Alu_tb.sv:340 		#30 $finish;
xcelium> ^C
xcelium> exit
...Regained control from SimVision
-------------------------------------
See ./cov_work/scope/lab01/icc.com file for message(s) on coverage constant object marking

coverage setup:
  workdir  :  ./cov_work
  dutinst  :  mtm_Alu_tb(mtm_Alu_tb)
  scope    :  scope
  testname :  lab01

coverage files:
  model(design data) :  ./cov_work/scope/icc_48d5e285_3bc78873.ucm
  data               :  ./cov_work/scope/lab01/icc_48d5e285_3bc78873.ucd
TOOL:	xrun	19.09-s003: Exiting on Oct 31, 2020 at 23:09:33 CET  (total: 00:00:37)
